Arguments: 
  C:\Program Files\nodejs\node.exe C:\Users\Strike\AppData\Roaming\npm\node_modules\yarn\bin\yarn.js

PATH: 
  C:\Users\Strike\bin;C:\Program Files\Git\mingw64\bin;C:\Program Files\Git\usr\local\bin;C:\Program Files\Git\usr\bin;C:\Program Files\Git\usr\bin;C:\Program Files\Git\mingw64\bin;C:\Program Files\Git\usr\bin;C:\Users\Strike\bin;C:\Python27;C:\Python27\Scripts;C:\Program Files (x86)\VMware\VMware Workstation\bin;C:\Windows\system32;C:\Windows;C:\Windows\System32\Wbem;C:\Windows\System32\WindowsPowerShell\v1.0;C:\Windows\System32\OpenSSH;C:\Program Files\Git\cmd;C:\Program Files\nodejs;C:\Program Files\Microsoft VS Code\bin;C:\Users\Strike\AppData\Local\Microsoft\WindowsApps;C:\Users\Strike\AppData\Roaming\npm;C:\Program Files\JetBrains\PyCharm 2021.3.1\bin;C:\Python27;C:\Python27\Scripts;C:\Program Files\Git\usr\bin\vendor_perl;C:\Program Files\Git\usr\bin\core_perl

Yarn version: 
  1.22.18

Node version: 
  14.18.1

Platform: 
  win32 x64

Trace: 
  SyntaxError: E:\Works\Figma\ft-plugin\package.json: Unexpected token } in JSON at position 151
      at JSON.parse (<anonymous>)
      at C:\Users\Strike\AppData\Roaming\npm\node_modules\yarn\lib\cli.js:1625:59
      at Generator.next (<anonymous>)
      at step (C:\Users\Strike\AppData\Roaming\npm\node_modules\yarn\lib\cli.js:310:30)
      at C:\Users\Strike\AppData\Roaming\npm\node_modules\yarn\lib\cli.js:321:13

npm manifest: 
  {
    "scripts": {
      "transform2CSS": "node transform2CSS.js",
      "integrate2SB": "node integrate2SB.js",
      "build-storybook": "build-storybook",
    },
    "dependencies": {
      "color2k": "^2.0.0",
      "expr-eval": "^2.0.2",
      "fs": "^0.0.1-security",
      "lodash": "^4.17.21",
      "style-dictionary": "^3.7.0",
      "upload-files": "^0.1.8",
      "@pxtrn/storybook-addon-docs-stencil": "^6.4.1",
      "@testing-library/jest-dom": "^5.11.4",
      "@testing-library/react": "^11.1.0",
      "@testing-library/user-event": "^12.1.10",
      "json-loader": "^0.5.7",
      "react": "^17.0.1",
      "react-dom": "^17.0.1",
      "react-scripts": "4.0.1",
      "storybook-addon-theme-toggle": "^0.0.1",
      "styled-components": "^5.3.5",
      "web-vitals": "^0.2.4"
    },
    "devDependencies": {
      "@storybook/addon-actions": "^6.4.18",
      "@storybook/addon-essentials": "^6.4.18",
      "@storybook/addon-interactions": "^6.4.18",
      "@storybook/addon-links": "^6.4.18",
      "@storybook/node-logger": "^6.4.18",
      "@storybook/preset-create-react-app": "^3.1.7",
      "@storybook/react": "^6.4.18",
      "@storybook/testing-library": "^0.0.9",
      "@storybook/testing-react": "^1.2.3",
      "chromatic": "^6.5.4",
      "msw": "^0.36.8",
      "msw-storybook-addon": "^1.6.0",
      "storybook-addon-themes": "^6.1.0"
    }
  }

yarn manifest: 
  No manifest

Lockfile: 
  # THIS IS AN AUTOGENERATED FILE. DO NOT EDIT THIS FILE DIRECTLY.
  # yarn lockfile v1
  
  
  "abbrev@1":
    "integrity" "sha512-nne9/IiQ/hzIhY6pdDnbBtz7DjPTKrY00P/zvPSm5pOFkl6xuGrGnXn/VtTNNfNtAfZ9/1RtehkszU9qcTii0Q=="
    "resolved" "https://registry.npmjs.org/abbrev/-/abbrev-1.1.1.tgz"
    "version" "1.1.1"
  
  "ansi-styles@^4.1.0":
    "integrity" "sha512-zbB9rCJAT1rbjiVDb2hqKFHNYLxgtk8NURxZ3IZwD3F6NtxbXZQCnnSi1Lkx+IDohdPlFp222wVALIheZJQSEg=="
    "resolved" "https://registry.npmjs.org/ansi-styles/-/ansi-styles-4.3.0.tgz"
    "version" "4.3.0"
    dependencies:
      "color-convert" "^2.0.1"
  
  "argparse@~ 0.1.11":
    "integrity" "sha1-z9AeD7uj1srtBJ+9dY1A9lGW9Xw="
    "resolved" "https://registry.npmjs.org/argparse/-/argparse-0.1.16.tgz"
    "version" "0.1.16"
    dependencies:
      "underscore" "~1.7.0"
      "underscore.string" "~2.4.0"
  
  "async@~0.1.22":
    "integrity" "sha1-D8GqoIig4+8Ovi2IMbqw3PiEUGE="
    "resolved" "https://registry.npmjs.org/async/-/async-0.1.22.tgz"
    "version" "0.1.22"
  
  "balanced-match@^1.0.0":
    "integrity" "sha512-3oSeUO0TMV67hN1AmbXsK4yaqU7tjiHlbxRDZOpH0KW9+CeX4bRAaX0Anxt0tx2MrpRpWwQaPwIlISEJhYU5Pw=="
    "resolved" "https://registry.npmjs.org/balanced-match/-/balanced-match-1.0.2.tgz"
    "version" "1.0.2"
  
  "brace-expansion@^1.1.7":
    "integrity" "sha512-iCuPHDFgrHX7H2vEI/5xpz07zSHB00TpugqhmYtVmMO6518mCuRMoOYFldEBl0g187ufozdaHgWKcYFb61qGiA=="
    "resolved" "https://registry.npmjs.org/brace-expansion/-/brace-expansion-1.1.11.tgz"
    "version" "1.1.11"
    dependencies:
      "balanced-match" "^1.0.0"
      "concat-map" "0.0.1"
  
  "camel-case@^4.1.2":
    "integrity" "sha512-gxGWBrTT1JuMx6R+o5PTXMmUnhnVzLQ9SNutD4YqKtI6ap897t3tKECYla6gCWEkplXnlNybEkZg9GEGxKFCgw=="
    "resolved" "https://registry.npmjs.org/camel-case/-/camel-case-4.1.2.tgz"
    "version" "4.1.2"
    dependencies:
      "pascal-case" "^3.1.2"
      "tslib" "^2.0.3"
  
  "capital-case@^1.0.4":
    "integrity" "sha512-ds37W8CytHgwnhGGTi88pcPyR15qoNkOpYwmMMfnWqqWgESapLqvDx6huFjQ5vqWSn2Z06173XNA7LtMOeUh1A=="
    "resolved" "https://registry.npmjs.org/capital-case/-/capital-case-1.0.4.tgz"
    "version" "1.0.4"
    dependencies:
      "no-case" "^3.0.4"
      "tslib" "^2.0.3"
      "upper-case-first" "^2.0.2"
  
  "chalk@^4.0.0":
    "integrity" "sha512-oKnbhFyRIXpUuez8iBMmyEa4nbj4IOQyuhc/wy9kY7/WVPcwIO9VA668Pu8RkO7+0G76SLROeyw9CpQ061i4mA=="
    "resolved" "https://registry.npmjs.org/chalk/-/chalk-4.1.2.tgz"
    "version" "4.1.2"
    dependencies:
      "ansi-styles" "^4.1.0"
      "supports-color" "^7.1.0"
  
  "change-case@^4.1.2":
    "integrity" "sha512-bSxY2ws9OtviILG1EiY5K7NNxkqg/JnRnFxLtKQ96JaviiIxi7djMrSd0ECT9AC+lttClmYwKw53BWpOMblo7A=="
    "resolved" "https://registry.npmjs.org/change-case/-/change-case-4.1.2.tgz"
    "version" "4.1.2"
    dependencies:
      "camel-case" "^4.1.2"
      "capital-case" "^1.0.4"
      "constant-case" "^3.0.4"
      "dot-case" "^3.0.4"
      "header-case" "^2.0.4"
      "no-case" "^3.0.4"
      "param-case" "^3.0.4"
      "pascal-case" "^3.1.2"
      "path-case" "^3.0.4"
      "sentence-case" "^3.0.4"
      "snake-case" "^3.0.4"
      "tslib" "^2.0.3"
  
  "coffee-script@~1.3.3":
    "integrity" "sha1-FQ1rTLUiiUNp7+1qIQHCC8f0pPQ="
    "resolved" "https://registry.npmjs.org/coffee-script/-/coffee-script-1.3.3.tgz"
    "version" "1.3.3"
  
  "color-convert@^2.0.1":
    "integrity" "sha512-RRECPsj7iu/xb5oKYcsFHSppFNnsj/52OVTRKb4zP5onXwVF3zVmmToNcOfGC+CRDpfK/U584fMg38ZHCaElKQ=="
    "resolved" "https://registry.npmjs.org/color-convert/-/color-convert-2.0.1.tgz"
    "version" "2.0.1"
    dependencies:
      "color-name" "~1.1.4"
  
  "color-name@~1.1.4":
    "integrity" "sha512-dOy+3AuW3a2wNbZHIuMZpTcgjGuLU/uBL/ubcZF9OXbDo8ff4O8yVp5Bf0efS8uEoYo5q4Fx7dY9OgQGXgAsQA=="
    "resolved" "https://registry.npmjs.org/color-name/-/color-name-1.1.4.tgz"
    "version" "1.1.4"
  
  "color2k@^2.0.0":
    "integrity" "sha512-DWX9eXOC4fbJNiuvdH4QSHvvfLWyFo9TuFp7V9OzdsbPAdrWAuYc8qvFP2bIQ/LKh4LrAVnJ6vhiQYPvAHdtTg=="
    "resolved" "https://registry.npmjs.org/color2k/-/color2k-2.0.0.tgz"
    "version" "2.0.0"
  
  "colors@~0.6.2":
    "integrity" "sha1-JCP+ZnisDF2uiFLl0OW+CMmXq8w="
    "resolved" "https://registry.npmjs.org/colors/-/colors-0.6.2.tgz"
    "version" "0.6.2"
  
  "commander@^8.3.0":
    "integrity" "sha512-OkTL9umf+He2DZkUq8f8J9of7yL6RJKI24dVITBmNfZBmri9zYZQrKkuXiKhyfPSu8tUhnVBB1iKXevvnlR4Ww=="
    "resolved" "https://registry.npmjs.org/commander/-/commander-8.3.0.tgz"
    "version" "8.3.0"
  
  "concat-map@0.0.1":
    "integrity" "sha1-2Klr13/Wjfd5OnMDajug1UBdR3s="
    "resolved" "https://registry.npmjs.org/concat-map/-/concat-map-0.0.1.tgz"
    "version" "0.0.1"
  
  "constant-case@^3.0.4":
    "integrity" "sha512-I2hSBi7Vvs7BEuJDr5dDHfzb/Ruj3FyvFyh7KLilAjNQw3Be+xgqUBA2W6scVEcL0hL1dwPRtIqEPVUCKkSsyQ=="
    "resolved" "https://registry.npmjs.org/constant-case/-/constant-case-3.0.4.tgz"
    "version" "3.0.4"
    dependencies:
      "no-case" "^3.0.4"
      "tslib" "^2.0.3"
      "upper-case" "^2.0.2"
  
  "dateformat@1.0.2-1.2.3":
    "integrity" "sha1-sCIMAt6YYXQztyhRz0fePfLNvuk="
    "resolved" "https://registry.npmjs.org/dateformat/-/dateformat-1.0.2-1.2.3.tgz"
    "version" "1.0.2-1.2.3"
  
  "dot-case@^3.0.4":
    "integrity" "sha512-Kv5nKlh6yRrdrGvxeJ2e5y2eRUpkUosIW4A2AS38zwSz27zu7ufDwQPi5Jhs3XAlGNetl3bmnGhQsMtkKJnj3w=="
    "resolved" "https://registry.npmjs.org/dot-case/-/dot-case-3.0.4.tgz"
    "version" "3.0.4"
    dependencies:
      "no-case" "^3.0.4"
      "tslib" "^2.0.3"
  
  "esprima@~ 1.0.2":
    "integrity" "sha1-n1V+CPw7TSbs6d00+Pv0drYlha0="
    "resolved" "https://registry.npmjs.org/esprima/-/esprima-1.0.4.tgz"
    "version" "1.0.4"
  
  "eventemitter2@~0.4.13":
    "integrity" "sha1-j2G3XN4BKy6esoTUVFWDtWQ7Yas="
    "resolved" "https://registry.npmjs.org/eventemitter2/-/eventemitter2-0.4.14.tgz"
    "version" "0.4.14"
  
  "exit@~0.1.1":
    "integrity" "sha1-BjJjj42HfMghB9MKD/8aF8uhzQw="
    "resolved" "https://registry.npmjs.org/exit/-/exit-0.1.2.tgz"
    "version" "0.1.2"
  
  "expr-eval@^2.0.2":
    "integrity" "sha512-4EMSHGOPSwAfBiibw3ndnP0AvjDWLsMvGOvWEZ2F96IGk0bIVdjQisOHxReSkE13mHcfbuCiXw+G4y0zv6N8Eg=="
    "resolved" "https://registry.npmjs.org/expr-eval/-/expr-eval-2.0.2.tgz"
    "version" "2.0.2"
  
  "findup-sync@~0.1.2":
    "integrity" "sha1-fz56l7gjksZTvwZYm9hRkOk8NoM="
    "resolved" "https://registry.npmjs.org/findup-sync/-/findup-sync-0.1.3.tgz"
    "version" "0.1.3"
    dependencies:
      "glob" "~3.2.9"
      "lodash" "~2.4.1"
  
  "fs-extra@^10.0.0":
    "integrity" "sha512-oRXApq54ETRj4eMiFzGnHWGy+zo5raudjuxN0b8H7s/RU2oW0Wvsx9O0ACRN/kRq9E8Vu/ReskGB5o3ji+FzHQ=="
    "resolved" "https://registry.npmjs.org/fs-extra/-/fs-extra-10.1.0.tgz"
    "version" "10.1.0"
    dependencies:
      "graceful-fs" "^4.2.0"
      "jsonfile" "^6.0.1"
      "universalify" "^2.0.0"
  
  "fs.realpath@^1.0.0":
    "integrity" "sha1-FQStJSMVjKpA20onh8sBQRmU6k8="
    "resolved" "https://registry.npmjs.org/fs.realpath/-/fs.realpath-1.0.0.tgz"
    "version" "1.0.0"
  
  "fs@^0.0.1-security":
    "integrity" "sha1-invTcYa23d84E/I4WLV+yq9eQdQ="
    "resolved" "https://registry.npmjs.org/fs/-/fs-0.0.1-security.tgz"
    "version" "0.0.1-security"
  
  "getobject@~0.1.0":
    "integrity" "sha1-BHpEl4n6Fg0Bj1SG7ZEyC27HiFw="
    "resolved" "https://registry.npmjs.org/getobject/-/getobject-0.1.0.tgz"
    "version" "0.1.0"
  
  "glob@^7.2.0":
    "integrity" "sha512-lmLf6gtyrPq8tTjSmrO94wBeQbFR3HbLHbuyD69wuyQkImp2hWqMGB47OX65FBkPffO641IP9jWa1z4ivqG26Q=="
    "resolved" "https://registry.npmjs.org/glob/-/glob-7.2.0.tgz"
    "version" "7.2.0"
    dependencies:
      "fs.realpath" "^1.0.0"
      "inflight" "^1.0.4"
      "inherits" "2"
      "minimatch" "^3.0.4"
      "once" "^1.3.0"
      "path-is-absolute" "^1.0.0"
  
  "glob@~3.1.21":
    "integrity" "sha1-0p4KBV3qUTj00H7UDomC6DwgZs0="
    "resolved" "https://registry.npmjs.org/glob/-/glob-3.1.21.tgz"
    "version" "3.1.21"
    dependencies:
      "graceful-fs" "~1.2.0"
      "inherits" "1"
      "minimatch" "~0.2.11"
  
  "glob@~3.2.9":
    "integrity" "sha1-Spc/Y1uRkPcV0QmH1cAP0oFevj0="
    "resolved" "https://registry.npmjs.org/glob/-/glob-3.2.11.tgz"
    "version" "3.2.11"
    dependencies:
      "inherits" "2"
      "minimatch" "0.3"
  
  "graceful-fs@^4.1.6", "graceful-fs@^4.2.0":
    "integrity" "sha512-9ByhssR2fPVsNZj478qUUbKfmL0+t5BDVyjShtyZZLiK7ZDAArFFfopyOTj0M05wE2tJPisA4iTnnXl2YoPvOA=="
    "resolved" "https://registry.npmjs.org/graceful-fs/-/graceful-fs-4.2.10.tgz"
    "version" "4.2.10"
  
  "graceful-fs@~1.2.0":
    "integrity" "sha1-FaSAaldUfLLS2/J/QuiajDRRs2Q="
    "resolved" "https://registry.npmjs.org/graceful-fs/-/graceful-fs-1.2.3.tgz"
    "version" "1.2.3"
  
  "grunt-legacy-log-utils@~0.1.1":
    "integrity" "sha1-wHBrndkGThFvNvI/5OawSGcsD34="
    "resolved" "https://registry.npmjs.org/grunt-legacy-log-utils/-/grunt-legacy-log-utils-0.1.1.tgz"
    "version" "0.1.1"
    dependencies:
      "colors" "~0.6.2"
      "lodash" "~2.4.1"
      "underscore.string" "~2.3.3"
  
  "grunt-legacy-log@~0.1.0":
    "integrity" "sha1-7ClCboAwIa9ZAp+H0vnNczWgVTE="
    "resolved" "https://registry.npmjs.org/grunt-legacy-log/-/grunt-legacy-log-0.1.3.tgz"
    "version" "0.1.3"
    dependencies:
      "colors" "~0.6.2"
      "grunt-legacy-log-utils" "~0.1.1"
      "hooker" "~0.2.3"
      "lodash" "~2.4.1"
      "underscore.string" "~2.3.3"
  
  "grunt-legacy-util@~0.2.0":
    "integrity" "sha1-kzJIhNv343qf98Am3/RR2UqeVUs="
    "resolved" "https://registry.npmjs.org/grunt-legacy-util/-/grunt-legacy-util-0.2.0.tgz"
    "version" "0.2.0"
    dependencies:
      "async" "~0.1.22"
      "exit" "~0.1.1"
      "getobject" "~0.1.0"
      "hooker" "~0.2.3"
      "lodash" "~0.9.2"
      "underscore.string" "~2.2.1"
      "which" "~1.0.5"
  
  "grunt@~0.4.5":
    "integrity" "sha1-VpN81RlDJK3/bSB2MYMqnWuk5/A="
    "resolved" "https://registry.npmjs.org/grunt/-/grunt-0.4.5.tgz"
    "version" "0.4.5"
    dependencies:
      "async" "~0.1.22"
      "coffee-script" "~1.3.3"
      "colors" "~0.6.2"
      "dateformat" "1.0.2-1.2.3"
      "eventemitter2" "~0.4.13"
      "exit" "~0.1.1"
      "findup-sync" "~0.1.2"
      "getobject" "~0.1.0"
      "glob" "~3.1.21"
      "grunt-legacy-log" "~0.1.0"
      "grunt-legacy-util" "~0.2.0"
      "hooker" "~0.2.3"
      "iconv-lite" "~0.2.11"
      "js-yaml" "~2.0.5"
      "lodash" "~0.9.2"
      "minimatch" "~0.2.12"
      "nopt" "~1.0.10"
      "rimraf" "~2.2.8"
      "underscore.string" "~2.2.1"
      "which" "~1.0.5"
  
  "has-flag@^4.0.0":
    "integrity" "sha512-EykJT/Q1KjTWctppgIAgfSO0tKVuZUjhgMr17kqTumMl6Afv3EISleU7qZUzoXDFTAHTDC4NOoG/ZxU3EvlMPQ=="
    "resolved" "https://registry.npmjs.org/has-flag/-/has-flag-4.0.0.tgz"
    "version" "4.0.0"
  
  "header-case@^2.0.4":
    "integrity" "sha512-H/vuk5TEEVZwrR0lp2zed9OCo1uAILMlx0JEMgC26rzyJJ3N1v6XkwHHXJQdR2doSjcGPM6OKPYoJgf0plJ11Q=="
    "resolved" "https://registry.npmjs.org/header-case/-/header-case-2.0.4.tgz"
    "version" "2.0.4"
    dependencies:
      "capital-case" "^1.0.4"
      "tslib" "^2.0.3"
  
  "hooker@~0.2.3":
    "integrity" "sha1-uDT3I8xKJCqmWWNFnfbZhMXT2Vk="
    "resolved" "https://registry.npmjs.org/hooker/-/hooker-0.2.3.tgz"
    "version" "0.2.3"
  
  "iconv-lite@~0.2.11", "iconv-lite@0.2.11":
    "integrity" "sha1-HOYKOleGSiktEyH/RgnKS7llrcg="
    "resolved" "https://registry.npmjs.org/iconv-lite/-/iconv-lite-0.2.11.tgz"
    "version" "0.2.11"
  
  "inflight@^1.0.4":
    "integrity" "sha1-Sb1jMdfQLQwJvJEKEHW6gWW1bfk="
    "resolved" "https://registry.npmjs.org/inflight/-/inflight-1.0.6.tgz"
    "version" "1.0.6"
    dependencies:
      "once" "^1.3.0"
      "wrappy" "1"
  
  "inherits@1":
    "integrity" "sha1-ykMJ2t7mtUzAuNJH6NfHoJdb3Js="
    "resolved" "https://registry.npmjs.org/inherits/-/inherits-1.0.2.tgz"
    "version" "1.0.2"
  
  "inherits@2":
    "integrity" "sha512-k/vGaX4/Yla3WzyMCvTQOXYeIHvqOKtnqBduzTHpzpQZzAskKMhZ2K+EnBiSM9zGSoIFeMpXKxa4dYeZIQqewQ=="
    "resolved" "https://registry.npmjs.org/inherits/-/inherits-2.0.4.tgz"
    "version" "2.0.4"
  
  "js-yaml@~2.0.5":
    "integrity" "sha1-olrmUJmZ6X3yeMZxnaEb0Gh3Q6g="
    "resolved" "https://registry.npmjs.org/js-yaml/-/js-yaml-2.0.5.tgz"
    "version" "2.0.5"
    dependencies:
      "argparse" "~ 0.1.11"
      "esprima" "~ 1.0.2"
  
  "json5@^2.2.0":
    "integrity" "sha512-1hqLFMSrGHRHxav9q9gNjJ5EXznIxGVO09xQRrwplcS8qs28pZ8s8hupZAmqDwZUmVZ2Qb2jnyPOWcDH8m8dlA=="
    "resolved" "https://registry.npmjs.org/json5/-/json5-2.2.1.tgz"
    "version" "2.2.1"
  
  "jsonc-parser@^3.0.0":
    "integrity" "sha512-fQzRfAbIBnR0IQvftw9FJveWiHp72Fg20giDrHz6TdfB12UH/uue0D3hm57UB5KgAVuniLMCaS8P1IMj9NR7cA=="
    "resolved" "https://registry.npmjs.org/jsonc-parser/-/jsonc-parser-3.0.0.tgz"
    "version" "3.0.0"
  
  "jsonfile@^6.0.1":
    "integrity" "sha512-5dgndWOriYSm5cnYaJNhalLNDKOqFwyDB/rr1E9ZsGciGvKPs8R2xYGCacuf3z6K1YKDz182fd+fY3cn3pMqXQ=="
    "resolved" "https://registry.npmjs.org/jsonfile/-/jsonfile-6.1.0.tgz"
    "version" "6.1.0"
    dependencies:
      "universalify" "^2.0.0"
    optionalDependencies:
      "graceful-fs" "^4.1.6"
  
  "lodash@^4.17.15", "lodash@^4.17.21":
    "integrity" "sha512-v2kDEe57lecTulaDIuNTPy3Ry4gLGJ6Z1O3vE1krgXZNrsQ+LFTGHVxVjcXPs17LhbZVGedAJv8XZ1tvj5FvSg=="
    "resolved" "https://registry.npmjs.org/lodash/-/lodash-4.17.21.tgz"
    "version" "4.17.21"
  
  "lodash@~0.9.2":
    "integrity" "sha1-jzSZxSRdNG1oLlsNO0B2fgnxqSw="
    "resolved" "https://registry.npmjs.org/lodash/-/lodash-0.9.2.tgz"
    "version" "0.9.2"
  
  "lodash@~2.4.1":
    "integrity" "sha1-+t2DS5aDBz2hebPq5tnA0VBT9z4="
    "resolved" "https://registry.npmjs.org/lodash/-/lodash-2.4.2.tgz"
    "version" "2.4.2"
  
  "lower-case@^2.0.2":
    "integrity" "sha512-7fm3l3NAF9WfN6W3JOmf5drwpVqX78JtoGJ3A6W0a6ZnldM41w2fV5D490psKFTpMds8TJse/eHLFFsNHHjHgg=="
    "resolved" "https://registry.npmjs.org/lower-case/-/lower-case-2.0.2.tgz"
    "version" "2.0.2"
    dependencies:
      "tslib" "^2.0.3"
  
  "lru-cache@2":
    "integrity" "sha1-bUUk6LlV+V1PW1iFHOId1y+06VI="
    "resolved" "https://registry.npmjs.org/lru-cache/-/lru-cache-2.7.3.tgz"
    "version" "2.7.3"
  
  "minimatch@^3.0.4":
    "integrity" "sha512-J7p63hRiAjw1NDEww1W7i37+ByIrOWO5XQQAzZ3VOcL0PNybwpfmV/N05zFAzwQ9USyEcX6t3UO+K5aqBQOIHw=="
    "resolved" "https://registry.npmjs.org/minimatch/-/minimatch-3.1.2.tgz"
    "version" "3.1.2"
    dependencies:
      "brace-expansion" "^1.1.7"
  
  "minimatch@~0.2.11", "minimatch@~0.2.12":
    "integrity" "sha1-x054BXT2PG+aCQ6Q775u9TpqdWo="
    "resolved" "https://registry.npmjs.org/minimatch/-/minimatch-0.2.14.tgz"
    "version" "0.2.14"
    dependencies:
      "lru-cache" "2"
      "sigmund" "~1.0.0"
  
  "minimatch@0.3":
    "integrity" "sha1-J12O2qxPG7MyZHIInnlJyDlGmd0="
    "resolved" "https://registry.npmjs.org/minimatch/-/minimatch-0.3.0.tgz"
    "version" "0.3.0"
    dependencies:
      "lru-cache" "2"
      "sigmund" "~1.0.0"
  
  "no-case@^3.0.4":
    "integrity" "sha512-fgAN3jGAh+RoxUGZHTSOLJIqUc2wmoBwGR4tbpNAKmmovFoWq0OdRkb0VkldReO2a2iBT/OEulG9XSUc10r3zg=="
    "resolved" "https://registry.npmjs.org/no-case/-/no-case-3.0.4.tgz"
    "version" "3.0.4"
    dependencies:
      "lower-case" "^2.0.2"
      "tslib" "^2.0.3"
  
  "nopt@~1.0.10":
    "integrity" "sha1-bd0hvSoxQXuScn3Vhfim83YI6+4="
    "resolved" "https://registry.npmjs.org/nopt/-/nopt-1.0.10.tgz"
    "version" "1.0.10"
    dependencies:
      "abbrev" "1"
  
  "once@^1.3.0":
    "integrity" "sha1-WDsap3WWHUsROsF9nFC6753Xa9E="
    "resolved" "https://registry.npmjs.org/once/-/once-1.4.0.tgz"
    "version" "1.4.0"
    dependencies:
      "wrappy" "1"
  
  "param-case@^3.0.4":
    "integrity" "sha512-RXlj7zCYokReqWpOPH9oYivUzLYZ5vAPIfEmCTNViosC78F8F0H9y7T7gG2M39ymgutxF5gcFEsyZQSph9Bp3A=="
    "resolved" "https://registry.npmjs.org/param-case/-/param-case-3.0.4.tgz"
    "version" "3.0.4"
    dependencies:
      "dot-case" "^3.0.4"
      "tslib" "^2.0.3"
  
  "pascal-case@^3.1.2":
    "integrity" "sha512-uWlGT3YSnK9x3BQJaOdcZwrnV6hPpd8jFH1/ucpiLRPh/2zCVJKS19E4GvYHvaCcACn3foXZ0cLB9Wrx1KGe5g=="
    "resolved" "https://registry.npmjs.org/pascal-case/-/pascal-case-3.1.2.tgz"
    "version" "3.1.2"
    dependencies:
      "no-case" "^3.0.4"
      "tslib" "^2.0.3"
  
  "path-case@^3.0.4":
    "integrity" "sha512-qO4qCFjXqVTrcbPt/hQfhTQ+VhFsqNKOPtytgNKkKxSoEp3XPUQ8ObFuePylOIok5gjn69ry8XiULxCwot3Wfg=="
    "resolved" "https://registry.npmjs.org/path-case/-/path-case-3.0.4.tgz"
    "version" "3.0.4"
    dependencies:
      "dot-case" "^3.0.4"
      "tslib" "^2.0.3"
  
  "path-is-absolute@^1.0.0":
    "integrity" "sha1-F0uSaHNVNP+8es5r9TpanhtcX18="
    "resolved" "https://registry.npmjs.org/path-is-absolute/-/path-is-absolute-1.0.1.tgz"
    "version" "1.0.1"
  
  "qs@1.2.0":
    "integrity" "sha1-7Qeb4oaCFH5v2aNMwrDB4OxkU+4="
    "resolved" "https://registry.npmjs.org/qs/-/qs-1.2.0.tgz"
    "version" "1.2.0"
  
  "restler@^3.4.0":
    "integrity" "sha1-dB7As9FrlJ/uooE9DDxoUp6IjZs="
    "resolved" "https://registry.npmjs.org/restler/-/restler-3.4.0.tgz"
    "version" "3.4.0"
    dependencies:
      "iconv-lite" "0.2.11"
      "qs" "1.2.0"
      "xml2js" "0.4.0"
      "yaml" "0.2.3"
  
  "rimraf@~2.2.8":
    "integrity" "sha1-5Dm+Kq7jJzIZUnMPmaiSnk/FBYI="
    "resolved" "https://registry.npmjs.org/rimraf/-/rimraf-2.2.8.tgz"
    "version" "2.2.8"
  
  "sax@0.5.x":
    "integrity" "sha1-1HLbIo6zMcJQaw6MFVJK25OdEsE="
    "resolved" "https://registry.npmjs.org/sax/-/sax-0.5.8.tgz"
    "version" "0.5.8"
  
  "sentence-case@^3.0.4":
    "integrity" "sha512-8LS0JInaQMCRoQ7YUytAo/xUu5W2XnQxV2HI/6uM6U7CITS1RqPElr30V6uIqyMKM9lJGRVFy5/4CuzcixNYSg=="
    "resolved" "https://registry.npmjs.org/sentence-case/-/sentence-case-3.0.4.tgz"
    "version" "3.0.4"
    dependencies:
      "no-case" "^3.0.4"
      "tslib" "^2.0.3"
      "upper-case-first" "^2.0.2"
  
  "sigmund@~1.0.0":
    "integrity" "sha1-P/IfGYytIXX587eBhT/ZTQ0ZtZA="
    "resolved" "https://registry.npmjs.org/sigmund/-/sigmund-1.0.1.tgz"
    "version" "1.0.1"
  
  "snake-case@^3.0.4":
    "integrity" "sha512-LAOh4z89bGQvl9pFfNF8V146i7o7/CqFPbqzYgP+yYzDIDeS9HaNFtXABamRW+AQzEVODcvE79ljJ+8a9YSdMg=="
    "resolved" "https://registry.npmjs.org/snake-case/-/snake-case-3.0.4.tgz"
    "version" "3.0.4"
    dependencies:
      "dot-case" "^3.0.4"
      "tslib" "^2.0.3"
  
  "style-dictionary@^3.7.0":
    "integrity" "sha512-BL4AQS5kNDBXbFHWJhlCve6+ojnHgHkiwhf2nNByU698elXWdyK5b27OprphT4q0/tJ52zB+lodhqxIxbNOajQ=="
    "resolved" "https://registry.npmjs.org/style-dictionary/-/style-dictionary-3.7.0.tgz"
    "version" "3.7.0"
    dependencies:
      "chalk" "^4.0.0"
      "change-case" "^4.1.2"
      "commander" "^8.3.0"
      "fs-extra" "^10.0.0"
      "glob" "^7.2.0"
      "json5" "^2.2.0"
      "jsonc-parser" "^3.0.0"
      "lodash" "^4.17.15"
      "tinycolor2" "^1.4.1"
  
  "supports-color@^7.1.0":
    "integrity" "sha512-qpCAvRl9stuOHveKsn7HncJRvv501qIacKzQlO/+Lwxc9+0q2wLyv4Dfvt80/DPn2pqOBsJdDiogXGR9+OvwRw=="
    "resolved" "https://registry.npmjs.org/supports-color/-/supports-color-7.2.0.tgz"
    "version" "7.2.0"
    dependencies:
      "has-flag" "^4.0.0"
  
  "tinycolor2@^1.4.1":
    "integrity" "sha512-vJhccZPs965sV/L2sU4oRQVAos0pQXwsvTLkWYdqJ+a8Q5kPFzJTuOFwy7UniPli44NKQGAglksjvOcpo95aZA=="
    "resolved" "https://registry.npmjs.org/tinycolor2/-/tinycolor2-1.4.2.tgz"
    "version" "1.4.2"
  
  "tslib@^2.0.3":
    "integrity" "sha512-77EbyPPpMz+FRFRuAFlWMtmgUWGe9UOG2Z25NqCwiIjRhOf5iKGuzSe5P2w1laq+FkRy4p+PCuVkJSGkzTEKVw=="
    "resolved" "https://registry.npmjs.org/tslib/-/tslib-2.3.1.tgz"
    "version" "2.3.1"
  
  "underscore.string@~2.2.1":
    "integrity" "sha1-18D6KvXVoaZ/QlPa7pgTLnM/Dxk="
    "resolved" "https://registry.npmjs.org/underscore.string/-/underscore.string-2.2.1.tgz"
    "version" "2.2.1"
  
  "underscore.string@~2.3.3":
    "integrity" "sha1-ccCL9rQosRM/N+ePo6Icgvcymw0="
    "resolved" "https://registry.npmjs.org/underscore.string/-/underscore.string-2.3.3.tgz"
    "version" "2.3.3"
  
  "underscore.string@~2.4.0":
    "integrity" "sha1-jN2PusTi0uoefi6Al8QvRCKA+Fs="
    "resolved" "https://registry.npmjs.org/underscore.string/-/underscore.string-2.4.0.tgz"
    "version" "2.4.0"
  
  "underscore@~1.7.0":
    "integrity" "sha1-a7rwh3UA02vjTsqlhODbn+8DUgk="
    "resolved" "https://registry.npmjs.org/underscore/-/underscore-1.7.0.tgz"
    "version" "1.7.0"
  
  "universalify@^2.0.0":
    "integrity" "sha512-hAZsKq7Yy11Zu1DE0OzWjw7nnLZmJZYTDZZyEFHZdUhV8FkH5MCfoU1XMaxXovpyW5nq5scPqq0ZDP9Zyl04oQ=="
    "resolved" "https://registry.npmjs.org/universalify/-/universalify-2.0.0.tgz"
    "version" "2.0.0"
  
  "upload-files@^0.1.8":
    "integrity" "sha1-uhoqjTzVDKlPtWDNNIKhN9BfmMQ="
    "resolved" "https://registry.npmjs.org/upload-files/-/upload-files-0.1.8.tgz"
    "version" "0.1.8"
    dependencies:
      "restler" "^3.4.0"
  
  "upper-case-first@^2.0.2":
    "integrity" "sha512-514ppYHBaKwfJRK/pNC6c/OxfGa0obSnAl106u97Ed0I625Nin96KAjttZF6ZL3e1XLtphxnqrOi9iWgm+u+bg=="
    "resolved" "https://registry.npmjs.org/upper-case-first/-/upper-case-first-2.0.2.tgz"
    "version" "2.0.2"
    dependencies:
      "tslib" "^2.0.3"
  
  "upper-case@^2.0.2":
    "integrity" "sha512-KgdgDGJt2TpuwBUIjgG6lzw2GWFRCW9Qkfkiv0DxqHHLYJHmtmdUIKcZd8rHgFSjopVTlw6ggzCm1b8MFQwikg=="
    "resolved" "https://registry.npmjs.org/upper-case/-/upper-case-2.0.2.tgz"
    "version" "2.0.2"
    dependencies:
      "tslib" "^2.0.3"
  
  "which@~1.0.5":
    "integrity" "sha1-RgwdoPgQED0DIam2M6+eV15kSG8="
    "resolved" "https://registry.npmjs.org/which/-/which-1.0.9.tgz"
    "version" "1.0.9"
  
  "wrappy@1":
    "integrity" "sha1-tSQ9jz7BqjXxNkYFvA0QNuMKtp8="
    "resolved" "https://registry.npmjs.org/wrappy/-/wrappy-1.0.2.tgz"
    "version" "1.0.2"
  
  "xml2js@0.4.0":
    "integrity" "sha1-Ek/EEUtBKcgQgA7LKshs8lRiy5o="
    "resolved" "https://registry.npmjs.org/xml2js/-/xml2js-0.4.0.tgz"
    "version" "0.4.0"
    dependencies:
      "sax" "0.5.x"
      "xmlbuilder" ">=0.4.2"
  
  "xmlbuilder@>=0.4.2":
    "integrity" "sha512-yMqGBqtXyeN1e3TGYvgNgDVZ3j84W4cwkOXQswghol6APgZWaff9lnbvN7MHYJOiXsvGPXtjTYJEiC9J2wv9Eg=="
    "resolved" "https://registry.npmjs.org/xmlbuilder/-/xmlbuilder-15.1.1.tgz"
    "version" "15.1.1"
  
  "yaml@0.2.3":
    "integrity" "sha1-tUUOkudu82td0k42YAkeuu7z5cc="
    "resolved" "https://registry.npmjs.org/yaml/-/yaml-0.2.3.tgz"
    "version" "0.2.3"
